<?xml version="1.0" encoding="UTF-8"?>
<!-- Generated by org.testng.reporters.JUnitReportReporter -->
<testsuite skipped="0" hostname="DESKTOP-QKM15HI" name="pom.loginPageFactory" tests="1" failures="0" timestamp="22 Dec 2020 05:17:55 GMT" time="21.411" errors="0">
  <testcase name="loginPageFactory" time="21.411" classname="pom.loginPageFactory"/>
</testsuite> <!-- pom.loginPageFactory -->
